<?xml version="1.0" encoding="UTF-8"?>
<!-- Generated by org.testng.reporters.JUnitReportReporter -->
<testsuite hostname="DESKTOP-MM7FIAE" failures="0" tests="1" name="testngFiles.Annotations" time="0.006" errors="0" timestamp="27 Mar 2019 04:20:08 GMT" skipped="0">
  <testcase classname="testngFiles.Annotations" name="doSomething" time="0.006"/>
</testsuite> <!-- testngFiles.Annotations -->
